0 info it worked if it ends with ok
1 verbose cli [ 'C:\\Program Files\\nodejs\\node.exe',
1 verbose cli   'C:\\Program Files\\nodejs\\node_modules\\npm\\bin\\npm-cli.js',
1 verbose cli   'install',
1 verbose cli   'node',
1 verbose cli   '-g' ]
2 info using npm@3.3.12
3 info using node@v5.2.0
4 silly loadCurrentTree Starting
5 silly install loadCurrentTree
6 silly install readGlobalPackageData
7 silly fetchPackageMetaData node
8 silly fetchNamedPackageData node
9 silly mapToRegistry name node
10 silly mapToRegistry using default registry
11 silly mapToRegistry registry https://registry.npmjs.org/
12 silly mapToRegistry uri https://registry.npmjs.org/node
13 verbose request uri https://registry.npmjs.org/node
14 verbose request no auth needed
15 info attempt registry request try #1 at 12:02:11 PM
16 verbose request id 3f6be456a9559d26
17 verbose etag "5a3988a2-52e36"
18 verbose lastModified Tue, 19 Dec 2017 21:46:10 GMT
19 http request GET https://registry.npmjs.org/node
20 http 304 https://registry.npmjs.org/node
21 verbose headers { date: 'Sat, 30 Dec 2017 08:31:59 GMT',
21 verbose headers   via: '1.1 varnish',
21 verbose headers   'cache-control': 'max-age=300',
21 verbose headers   etag: '"5a3988a2-52e36"',
21 verbose headers   age: '12470',
21 verbose headers   connection: 'keep-alive',
21 verbose headers   'x-served-by': 'cache-hhn1525-HHN',
21 verbose headers   'x-cache': 'HIT',
21 verbose headers   'x-cache-hits': '1',
21 verbose headers   'x-timer': 'S1514622720.554504,VS0,VE1',
21 verbose headers   vary: 'Accept-Encoding, Accept' }
22 silly get cb [ 304,
22 silly get   { date: 'Sat, 30 Dec 2017 08:31:59 GMT',
22 silly get     via: '1.1 varnish',
22 silly get     'cache-control': 'max-age=300',
22 silly get     etag: '"5a3988a2-52e36"',
22 silly get     age: '12470',
22 silly get     connection: 'keep-alive',
22 silly get     'x-served-by': 'cache-hhn1525-HHN',
22 silly get     'x-cache': 'HIT',
22 silly get     'x-cache-hits': '1',
22 silly get     'x-timer': 'S1514622720.554504,VS0,VE1',
22 silly get     vary: 'Accept-Encoding, Accept' } ]
23 verbose etag https://registry.npmjs.org/node from cache
24 verbose get saving node to C:\Users\Zahra\AppData\Roaming\npm-cache\registry.npmjs.org\node\.cache.json
25 silly install normalizeTree
26 silly loadCurrentTree Finishing
27 silly loadIdealTree Starting
28 silly install loadIdealTree
29 silly cloneCurrentTree Starting
30 silly install cloneCurrentTreeToIdealTree
31 silly cloneCurrentTree Finishing
32 silly loadShrinkwrap Starting
33 silly install loadShrinkwrap
34 silly loadShrinkwrap Finishing
35 silly loadAllDepsIntoIdealTree Starting
36 silly install loadAllDepsIntoIdealTree
37 warn engine node@9.3.0: wanted: {"npm":">=5.0.0"} (current: {"node":"5.2.0","npm":"3.3.12"})
38 silly resolveWithNewModule node@9.3.0 checking installable status
39 warn engine node@9.3.0: wanted: {"npm":">=5.0.0"} (current: {"node":"5.2.0","npm":"3.3.12"})
40 silly cache add args [ 'node', null ]
41 verbose cache add spec node
42 silly cache add parsed spec Result {
42 silly cache add   raw: 'node',
42 silly cache add   scope: null,
42 silly cache add   name: 'node',
42 silly cache add   rawSpec: '',
42 silly cache add   spec: '*',
42 silly cache add   type: 'range' }
43 silly addNamed node@*
44 verbose addNamed "*" is a valid semver range for node
45 silly addNameRange { name: 'node', range: '*', hasData: false }
46 silly mapToRegistry name node
47 silly mapToRegistry using default registry
48 silly mapToRegistry registry https://registry.npmjs.org/
49 silly mapToRegistry uri https://registry.npmjs.org/node
50 verbose addNameRange registry:https://registry.npmjs.org/node not in flight; fetching
51 verbose get https://registry.npmjs.org/node not expired, no request
52 silly addNameRange number 2 { name: 'node', range: '*', hasData: true }
53 silly addNameRange versions [ 'node',
53 silly addNameRange   [ '0.0.0',
53 silly addNameRange     '0.1.14',
53 silly addNameRange     '0.1.15',
53 silly addNameRange     '0.1.16',
53 silly addNameRange     '0.1.17',
53 silly addNameRange     '0.1.18',
53 silly addNameRange     '0.1.19',
53 silly addNameRange     '0.1.20',
53 silly addNameRange     '0.1.21',
53 silly addNameRange     '0.1.22',
53 silly addNameRange     '0.1.23',
53 silly addNameRange     '0.1.24',
53 silly addNameRange     '0.1.25',
53 silly addNameRange     '0.1.26',
53 silly addNameRange     '0.1.27',
53 silly addNameRange     '0.1.28',
53 silly addNameRange     '0.1.29',
53 silly addNameRange     '0.1.30',
53 silly addNameRange     '0.1.31',
53 silly addNameRange     '0.1.32',
53 silly addNameRange     '0.1.33',
53 silly addNameRange     '0.1.90',
53 silly addNameRange     '0.1.91',
53 silly addNameRange     '0.1.92',
53 silly addNameRange     '0.1.93',
53 silly addNameRange     '0.1.94',
53 silly addNameRange     '0.1.95',
53 silly addNameRange     '0.1.96',
53 silly addNameRange     '0.1.97',
53 silly addNameRange     '0.1.98',
53 silly addNameRange     '0.1.99',
53 silly addNameRange     '0.1.100',
53 silly addNameRange     '0.1.101',
53 silly addNameRange     '0.1.102',
53 silly addNameRange     '0.1.103',
53 silly addNameRange     '0.1.104',
53 silly addNameRange     '0.2.0',
53 silly addNameRange     '0.2.1',
53 silly addNameRange     '0.2.2',
53 silly addNameRange     '0.2.3',
53 silly addNameRange     '0.2.4',
53 silly addNameRange     '0.2.5',
53 silly addNameRange     '0.2.6',
53 silly addNameRange     '0.3.0',
53 silly addNameRange     '0.3.1',
53 silly addNameRange     '0.3.2',
53 silly addNameRange     '0.3.3',
53 silly addNameRange     '0.3.4',
53 silly addNameRange     '0.3.5',
53 silly addNameRange     '0.3.6',
53 silly addNameRange     '0.3.7',
53 silly addNameRange     '0.3.8',
53 silly addNameRange     '0.4.0',
53 silly addNameRange     '0.4.1',
53 silly addNameRange     '0.4.2',
53 silly addNameRange     '0.4.3',
53 silly addNameRange     '0.4.4',
53 silly addNameRange     '0.4.5',
53 silly addNameRange     '0.4.6',
53 silly addNameRange     '0.4.7',
53 silly addNameRange     '0.4.8',
53 silly addNameRange     '0.4.9',
53 silly addNameRange     '0.4.10',
53 silly addNameRange     '0.4.11',
53 silly addNameRange     '0.4.12',
53 silly addNameRange     '0.5.0',
53 silly addNameRange     '0.5.1',
53 silly addNameRange     '0.5.2',
53 silly addNameRange     '0.5.3',
53 silly addNameRange     '0.5.4',
53 silly addNameRange     '0.5.5',
53 silly addNameRange     '0.5.6',
53 silly addNameRange     '0.5.7',
53 silly addNameRange     '0.5.8',
53 silly addNameRange     '0.5.9',
53 silly addNameRange     '0.5.10',
53 silly addNameRange     '0.6.0',
53 silly addNameRange     '0.6.1',
53 silly addNameRange     '0.6.2',
53 silly addNameRange     '0.6.3',
53 silly addNameRange     '0.6.4',
53 silly addNameRange     '0.6.5',
53 silly addNameRange     '0.6.6',
53 silly addNameRange     '0.6.7',
53 silly addNameRange     '0.6.8',
53 silly addNameRange     '0.6.9',
53 silly addNameRange     '0.6.10',
53 silly addNameRange     '0.6.11',
53 silly addNameRange     '0.6.12',
53 silly addNameRange     '0.6.13',
53 silly addNameRange     '0.6.14',
53 silly addNameRange     '0.6.15',
53 silly addNameRange     '0.6.16',
53 silly addNameRange     '0.6.17',
53 silly addNameRange     '0.6.18',
53 silly addNameRange     '0.6.19',
53 silly addNameRange     '0.6.20',
53 silly addNameRange     '0.6.21',
53 silly addNameRange     '0.7.0',
53 silly addNameRange     '0.7.1',
53 silly addNameRange     '0.7.2',
53 silly addNameRange     '0.7.3',
53 silly addNameRange     '0.7.4',
53 silly addNameRange     '0.7.5',
53 silly addNameRange     '0.7.6',
53 silly addNameRange     '0.7.7',
53 silly addNameRange     '0.7.8',
53 silly addNameRange     '0.7.9',
53 silly addNameRange     '0.7.10',
53 silly addNameRange     '0.7.11',
53 silly addNameRange     '0.7.12',
53 silly addNameRange     '0.8.0',
53 silly addNameRange     '0.8.1',
53 silly addNameRange     '0.8.2',
53 silly addNameRange     '0.8.3',
53 silly addNameRange     '0.8.4',
53 silly addNameRange     '0.8.5',
53 silly addNameRange     '0.8.6',
53 silly addNameRange     '0.8.7',
53 silly addNameRange     '0.8.8',
53 silly addNameRange     '0.8.9',
53 silly addNameRange     '0.8.10',
53 silly addNameRange     '0.8.11',
53 silly addNameRange     '0.8.12',
53 silly addNameRange     '0.8.13',
53 silly addNameRange     '0.8.14',
53 silly addNameRange     '0.8.15',
53 silly addNameRange     '0.8.16',
53 silly addNameRange     '0.8.17',
53 silly addNameRange     '0.8.18',
53 silly addNameRange     '0.8.19',
53 silly addNameRange     '0.8.20',
53 silly addNameRange     '0.8.21',
53 silly addNameRange     '0.8.22',
53 silly addNameRange     '0.8.23',
53 silly addNameRange     '0.8.24',
53 silly addNameRange     '0.8.25',
53 silly addNameRange     '0.8.26',
53 silly addNameRange     '0.8.27',
53 silly addNameRange     '0.8.28',
53 silly addNameRange     '0.9.0',
53 silly addNameRange     '0.9.1',
53 silly addNameRange     '0.9.2',
53 silly addNameRange     '0.9.3',
53 silly addNameRange     '0.9.4',
53 silly addNameRange     '0.9.5',
53 silly addNameRange     '0.9.6',
53 silly addNameRange     '0.9.7',
53 silly addNameRange     '0.9.8',
53 silly addNameRange     '0.9.9',
53 silly addNameRange     '0.9.10',
53 silly addNameRange     '0.9.11',
53 silly addNameRange     '0.9.12',
53 silly addNameRange     '0.10.0',
53 silly addNameRange     '0.10.1',
53 silly addNameRange     '0.10.2',
53 silly addNameRange     '0.10.3',
53 silly addNameRange     '0.10.4',
53 silly addNameRange     '0.10.5',
53 silly addNameRange     '0.10.6',
53 silly addNameRange     '0.10.7',
53 silly addNameRange     '0.10.8',
53 silly addNameRange     '0.10.9',
53 silly addNameRange     '0.10.10',
53 silly addNameRange     '0.10.11',
53 silly addNameRange     '0.10.12',
53 silly addNameRange     '0.10.13',
53 silly addNameRange     '0.10.14',
53 silly addNameRange     '0.10.15',
53 silly addNameRange     '0.10.16',
53 silly addNameRange     '0.10.17',
53 silly addNameRange     '0.10.18',
53 silly addNameRange     '0.10.19',
53 silly addNameRange     '0.10.20',
53 silly addNameRange     '0.10.21',
53 silly addNameRange     '0.10.22',
53 silly addNameRange     '0.10.23',
53 silly addNameRange     '0.10.24',
53 silly addNameRange     '0.10.25',
53 silly addNameRange     '0.10.26',
53 silly addNameRange     '0.10.27',
53 silly addNameRange     '0.10.28',
53 silly addNameRange     '0.10.29',
53 silly addNameRange     '0.10.30',
53 silly addNameRange     '0.10.31',
53 silly addNameRange     '0.10.32',
53 silly addNameRange     '0.10.33',
53 silly addNameRange     '0.10.34',
53 silly addNameRange     '0.10.35',
53 silly addNameRange     '0.10.36',
53 silly addNameRange     '0.10.37',
53 silly addNameRange     '0.10.38',
53 silly addNameRange     '0.10.39',
53 silly addNameRange     '0.10.40',
53 silly addNameRange     '0.10.41',
53 silly addNameRange     '0.10.42',
53 silly addNameRange     '0.10.43',
53 silly addNameRange     '0.10.44',
53 silly addNameRange     '0.10.45',
53 silly addNameRange     '0.10.46',
53 silly addNameRange     '0.10.47',
53 silly addNameRange     '0.10.48',
53 silly addNameRange     '0.11.0',
53 silly addNameRange     '0.11.1',
53 silly addNameRange     '0.11.2',
53 silly addNameRange     '0.11.3',
53 silly addNameRange     '0.11.4',
53 silly addNameRange     '0.11.5',
53 silly addNameRange     '0.11.6',
53 silly addNameRange     '0.11.7',
53 silly addNameRange     '0.11.8',
53 silly addNameRange     '0.11.9',
53 silly addNameRange     '0.11.10',
53 silly addNameRange     '0.11.11',
53 silly addNameRange     '0.11.12',
53 silly addNameRange     '0.11.13',
53 silly addNameRange     '0.11.14',
53 silly addNameRange     '0.11.15',
53 silly addNameRange     '0.11.16',
53 silly addNameRange     '0.12.0',
53 silly addNameRange     '0.12.1',
53 silly addNameRange     '0.12.2',
53 silly addNameRange     '0.12.3',
53 silly addNameRange     '0.12.4',
53 silly addNameRange     '0.12.5',
53 silly addNameRange     '0.12.6',
53 silly addNameRange     '0.12.7',
53 silly addNameRange     '0.12.8',
53 silly addNameRange     '0.12.9',
53 silly addNameRange     '0.12.10',
53 silly addNameRange     '0.12.11',
53 silly addNameRange     '0.12.12',
53 silly addNameRange     '0.12.13',
53 silly addNameRange     '0.12.14',
53 silly addNameRange     '0.12.15',
53 silly addNameRange     '0.12.16',
53 silly addNameRange     '0.12.17',
53 silly addNameRange     '0.12.18',
53 silly addNameRange     '4.0.0',
53 silly addNameRange     '4.1.0',
53 silly addNameRange     '4.1.1',
53 silly addNameRange     '4.1.2',
53 silly addNameRange     '4.2.0',
53 silly addNameRange     '4.2.1',
53 silly addNameRange     '4.2.2',
53 silly addNameRange     '4.2.3',
53 silly addNameRange     '4.2.4',
53 silly addNameRange     '4.2.5',
53 silly addNameRange     '4.2.6',
53 silly addNameRange     '4.3.0',
53 silly addNameRange     '4.3.1',
53 silly addNameRange     '4.3.2',
53 silly addNameRange     '4.4.0',
53 silly addNameRange     '4.4.1',
53 silly addNameRange     '4.4.2',
53 silly addNameRange     '4.4.3',
53 silly addNameRange     '4.4.4',
53 silly addNameRange     '4.4.5',
53 silly addNameRange     '4.4.6',
53 silly addNameRange     '4.4.7',
53 silly addNameRange     '4.5.0',
53 silly addNameRange     '4.6.0',
53 silly addNameRange     '4.6.1',
53 silly addNameRange     '4.6.2',
53 silly addNameRange     '4.7.0',
53 silly addNameRange     '4.7.1',
53 silly addNameRange     '4.7.2',
53 silly addNameRange     '4.7.3',
53 silly addNameRange     '4.8.0',
53 silly addNameRange     '4.8.1',
53 silly addNameRange     '4.8.2',
53 silly addNameRange     '4.8.3',
53 silly addNameRange     '4.8.4',
53 silly addNameRange     '5.0.0',
53 silly addNameRange     '5.1.0',
53 silly addNameRange     '5.1.1',
53 silly addNameRange     '5.2.0',
53 silly addNameRange     '5.3.0',
53 silly addNameRange     '5.4.0',
53 silly addNameRange     '5.4.1',
53 silly addNameRange     '5.5.0',
53 silly addNameRange     '5.6.0',
53 silly addNameRange     '5.7.0',
53 silly addNameRange     '5.7.1',
53 silly addNameRange     '5.8.0',
53 silly addNameRange     '5.9.0',
53 silly addNameRange     '5.9.1',
53 silly addNameRange     '5.10.0',
53 silly addNameRange     '5.10.1',
53 silly addNameRange     '5.11.0',
53 silly addNameRange     '5.11.1',
53 silly addNameRange     '5.12.0',
53 silly addNameRange     '6.0.0',
53 silly addNameRange     '6.1.0',
53 silly addNameRange     '6.2.0',
53 silly addNameRange     '6.2.1',
53 silly addNameRange     '6.2.2',
53 silly addNameRange     '6.3.0',
53 silly addNameRange     '6.3.1',
53 silly addNameRange     '6.4.0',
53 silly addNameRange     '6.5.0',
53 silly addNameRange     '6.6.0',
53 silly addNameRange     '6.7.0',
53 silly addNameRange     '6.8.0',
53 silly addNameRange     '6.8.1',
53 silly addNameRange     '6.9.0',
53 silly addNameRange     '6.9.1',
53 silly addNameRange     '6.9.2',
53 silly addNameRange     '6.9.3',
53 silly addNameRange     '6.9.4',
53 silly addNameRange     '6.9.5',
53 silly addNameRange     '6.10.0',
53 silly addNameRange     '6.10.1',
53 silly addNameRange     '6.10.2',
53 silly addNameRange     '6.10.3',
53 silly addNameRange     '6.11.0',
53 silly addNameRange     '6.11.1',
53 silly addNameRange     '7.0.0',
53 silly addNameRange     '7.1.0',
53 silly addNameRange     '7.2.0',
53 silly addNameRange     '7.2.1',
53 silly addNameRange     '7.3.0',
53 silly addNameRange     '7.4.0',
53 silly addNameRange     '7.5.0',
53 silly addNameRange     '7.6.0',
53 silly addNameRange     '7.7.0',
53 silly addNameRange     '7.7.1',
53 silly addNameRange     '7.7.2',
53 silly addNameRange     '7.7.3',
53 silly addNameRange     '7.7.4',
53 silly addNameRange     '7.8.0',
53 silly addNameRange     '7.9.0',
53 silly addNameRange     '7.10.0',
53 silly addNameRange     '7.10.1',
53 silly addNameRange     '8.0.0',
53 silly addNameRange     '8.1.0',
53 silly addNameRange     '8.1.1',
53 silly addNameRange     '8.1.2',
53 silly addNameRange     '8.1.3',
53 silly addNameRange     '8.1.4',
53 silly addNameRange     '8.2.0',
53 silly addNameRange     '8.2.1',
53 silly addNameRange     '8.3.0',
53 silly addNameRange     '8.4.0',
53 silly addNameRange     '8.5.0',
53 silly addNameRange     '8.6.0',
53 silly addNameRange     '8.7.0',
53 silly addNameRange     '8.8.0',
53 silly addNameRange     '8.8.1',
53 silly addNameRange     '8.9.0',
53 silly addNameRange     '9.0.0',
53 silly addNameRange     '4.8.6',
53 silly addNameRange     '6.12.0',
53 silly addNameRange     '9.1.0',
53 silly addNameRange     '9.2.0',
53 silly addNameRange     '8.9.1',
53 silly addNameRange     '6.12.1',
53 silly addNameRange     '8.9.2',
53 silly addNameRange     '4.8.7',
53 silly addNameRange     '6.12.2',
53 silly addNameRange     '9.3.0' ] ]
54 silly addNamed node@9.3.0
55 verbose addNamed "9.3.0" is a plain semver version for node
56 silly cache afterAdd node@9.3.0
57 verbose afterAdd C:\Users\Zahra\AppData\Roaming\npm-cache\node\9.3.0\package\package.json not in flight; writing
58 verbose afterAdd C:\Users\Zahra\AppData\Roaming\npm-cache\node\9.3.0\package\package.json written
59 silly fetchNamedPackageData node-bin-setup
60 silly mapToRegistry name node-bin-setup
61 silly mapToRegistry using default registry
62 silly mapToRegistry registry https://registry.npmjs.org/
63 silly mapToRegistry uri https://registry.npmjs.org/node-bin-setup
64 verbose request uri https://registry.npmjs.org/node-bin-setup
65 verbose request no auth needed
66 info attempt registry request try #1 at 12:02:14 PM
67 verbose etag "5976bbea-1511"
68 verbose lastModified Tue, 25 Jul 2017 3:32:58 GMT
69 http request GET https://registry.npmjs.org/node-bin-setup
70 http 304 https://registry.npmjs.org/node-bin-setup
71 verbose headers { date: 'Sat, 30 Dec 2017 08:32:01 GMT',
71 verbose headers   via: '1.1 varnish',
71 verbose headers   'cache-control': 'max-age=300',
71 verbose headers   etag: '"5976bbea-1511"',
71 verbose headers   age: '12471',
71 verbose headers   connection: 'keep-alive',
71 verbose headers   'x-served-by': 'cache-hhn1540-HHN',
71 verbose headers   'x-cache': 'HIT',
71 verbose headers   'x-cache-hits': '1',
71 verbose headers   'x-timer': 'S1514622722.645914,VS0,VE0',
71 verbose headers   vary: 'Accept-Encoding, Accept' }
72 silly get cb [ 304,
72 silly get   { date: 'Sat, 30 Dec 2017 08:32:01 GMT',
72 silly get     via: '1.1 varnish',
72 silly get     'cache-control': 'max-age=300',
72 silly get     etag: '"5976bbea-1511"',
72 silly get     age: '12471',
72 silly get     connection: 'keep-alive',
72 silly get     'x-served-by': 'cache-hhn1540-HHN',
72 silly get     'x-cache': 'HIT',
72 silly get     'x-cache-hits': '1',
72 silly get     'x-timer': 'S1514622722.645914,VS0,VE0',
72 silly get     vary: 'Accept-Encoding, Accept' } ]
73 verbose etag https://registry.npmjs.org/node-bin-setup from cache
74 verbose get saving node-bin-setup to C:\Users\Zahra\AppData\Roaming\npm-cache\registry.npmjs.org\node-bin-setup\.cache.json
75 silly resolveWithNewModule node-bin-setup@1.0.6 checking installable status
76 silly cache add args [ 'node-bin-setup@^1.0.0', null ]
77 verbose cache add spec node-bin-setup@^1.0.0
78 silly cache add parsed spec Result {
78 silly cache add   raw: 'node-bin-setup@^1.0.0',
78 silly cache add   scope: null,
78 silly cache add   name: 'node-bin-setup',
78 silly cache add   rawSpec: '^1.0.0',
78 silly cache add   spec: '>=1.0.0 <2.0.0',
78 silly cache add   type: 'range' }
79 silly addNamed node-bin-setup@>=1.0.0 <2.0.0
80 verbose addNamed ">=1.0.0 <2.0.0" is a valid semver range for node-bin-setup
81 silly addNameRange { name: 'node-bin-setup',
81 silly addNameRange   range: '>=1.0.0 <2.0.0',
81 silly addNameRange   hasData: false }
82 silly mapToRegistry name node-bin-setup
83 silly mapToRegistry using default registry
84 silly mapToRegistry registry https://registry.npmjs.org/
85 silly mapToRegistry uri https://registry.npmjs.org/node-bin-setup
86 verbose addNameRange registry:https://registry.npmjs.org/node-bin-setup not in flight; fetching
87 verbose get https://registry.npmjs.org/node-bin-setup not expired, no request
88 silly addNameRange number 2 { name: 'node-bin-setup',
88 silly addNameRange   range: '>=1.0.0 <2.0.0',
88 silly addNameRange   hasData: true }
89 silly addNameRange versions [ 'node-bin-setup',
89 silly addNameRange   [ '1.0.0', '1.0.1', '1.0.2', '1.0.3', '1.0.4', '1.0.6' ] ]
90 silly addNamed node-bin-setup@1.0.6
91 verbose addNamed "1.0.6" is a plain semver version for node-bin-setup
92 silly cache afterAdd node-bin-setup@1.0.6
93 verbose afterAdd C:\Users\Zahra\AppData\Roaming\npm-cache\node-bin-setup\1.0.6\package\package.json not in flight; writing
94 verbose afterAdd C:\Users\Zahra\AppData\Roaming\npm-cache\node-bin-setup\1.0.6\package\package.json written
95 silly loadAllDepsIntoIdealTree Finishing
96 silly idealTree:prePrune npm
96 silly idealTree:prePrune └─┬ node@9.3.0
96 silly idealTree:prePrune   └── node-bin-setup@1.0.6
97 silly loadIdealTree Finishing
98 silly currentTree npm
99 silly idealTree npm
99 silly idealTree └─┬ node@9.3.0
99 silly idealTree   └── node-bin-setup@1.0.6
100 silly generateActionsToTake Starting
101 silly install generateActionsToTake
102 silly generateActionsToTake Finishing
103 silly diffTrees action count 2
104 silly diffTrees add node-bin-setup@1.0.6
105 silly diffTrees add node@9.3.0
106 silly decomposeActions action count 16
107 silly decomposeActions fetch node-bin-setup@1.0.6
108 silly decomposeActions extract node-bin-setup@1.0.6
109 silly decomposeActions preinstall node-bin-setup@1.0.6
110 silly decomposeActions build node-bin-setup@1.0.6
111 silly decomposeActions install node-bin-setup@1.0.6
112 silly decomposeActions postinstall node-bin-setup@1.0.6
113 silly decomposeActions test node-bin-setup@1.0.6
114 silly decomposeActions finalize node-bin-setup@1.0.6
115 silly decomposeActions fetch node@9.3.0
116 silly decomposeActions extract node@9.3.0
117 silly decomposeActions preinstall node@9.3.0
118 silly decomposeActions build node@9.3.0
119 silly decomposeActions install node@9.3.0
120 silly decomposeActions postinstall node@9.3.0
121 silly decomposeActions test node@9.3.0
122 silly decomposeActions finalize node@9.3.0
123 silly executeActions Starting
124 silly install executeActions
125 silly doSerial global-install 0
126 silly doParallel fetch 2
127 verbose lock using C:\Users\Zahra\AppData\Roaming\npm-cache\_locks\staging-45a262120f3af07f.lock for C:\Users\Zahra\AppData\Roaming\npm\node_modules\.staging
128 silly doParallel extract 2
129 silly extract node-bin-setup@1.0.6
130 silly extract node@9.3.0
131 verbose unbuild node_modules\.staging\node-bin-setup-f36e8f87852b7725572ae6b154ac6005
132 verbose unbuild node_modules\.staging\node-940e0f440b5a29e611d4d6d25a1f8598
133 silly gentlyRm C:\Users\Zahra\AppData\Roaming\npm\node_modules\.staging\node-bin-setup-f36e8f87852b7725572ae6b154ac6005 is being purged from base C:\Users\Zahra\AppData\Roaming\npm
134 verbose gentlyRm don't care about contents; nuking C:\Users\Zahra\AppData\Roaming\npm\node_modules\.staging\node-bin-setup-f36e8f87852b7725572ae6b154ac6005
135 silly gentlyRm C:\Users\Zahra\AppData\Roaming\npm\node_modules\.staging\node-940e0f440b5a29e611d4d6d25a1f8598 is being purged from base C:\Users\Zahra\AppData\Roaming\npm
136 verbose tar unpack C:\Users\Zahra\AppData\Roaming\npm-cache\node-bin-setup\1.0.6\package.tgz
137 verbose tar unpacking to C:\Users\Zahra\AppData\Roaming\npm\node_modules\.staging\node-bin-setup-f36e8f87852b7725572ae6b154ac6005
138 silly gentlyRm C:\Users\Zahra\AppData\Roaming\npm\node_modules\.staging\node-bin-setup-f36e8f87852b7725572ae6b154ac6005 is being purged
139 verbose gentlyRm don't care about contents; nuking C:\Users\Zahra\AppData\Roaming\npm\node_modules\.staging\node-940e0f440b5a29e611d4d6d25a1f8598
140 verbose gentlyRm don't care about contents; nuking C:\Users\Zahra\AppData\Roaming\npm\node_modules\.staging\node-bin-setup-f36e8f87852b7725572ae6b154ac6005
141 verbose tar unpack C:\Users\Zahra\AppData\Roaming\npm-cache\node\9.3.0\package.tgz
142 verbose tar unpacking to C:\Users\Zahra\AppData\Roaming\npm\node_modules\.staging\node-940e0f440b5a29e611d4d6d25a1f8598
143 silly gentlyRm C:\Users\Zahra\AppData\Roaming\npm\node_modules\.staging\node-940e0f440b5a29e611d4d6d25a1f8598 is being purged
144 silly gunzTarPerm modes [ '777', '666' ]
145 verbose gentlyRm don't care about contents; nuking C:\Users\Zahra\AppData\Roaming\npm\node_modules\.staging\node-940e0f440b5a29e611d4d6d25a1f8598
146 silly gunzTarPerm modes [ '777', '666' ]
147 silly gunzTarPerm extractEntry package.json
148 silly gunzTarPerm modified mode [ 'package.json', 420, 438 ]
149 silly gunzTarPerm extractEntry package.json
150 silly gunzTarPerm modified mode [ 'package.json', 420, 438 ]
151 silly gunzTarPerm extractEntry index.js
152 silly gunzTarPerm modified mode [ 'index.js', 420, 438 ]
153 silly gunzTarPerm extractEntry installArchSpecificPackage.js
154 silly gunzTarPerm modified mode [ 'installArchSpecificPackage.js', 420, 438 ]
155 silly gunzTarPerm extractEntry README.md
156 silly gunzTarPerm modified mode [ 'README.md', 420, 438 ]
157 silly doParallel preinstall 2
158 silly preinstall node-bin-setup@1.0.6 C:\Users\Zahra\AppData\Roaming\npm\node_modules\.staging\node-bin-setup-f36e8f87852b7725572ae6b154ac6005
159 info lifecycle node-bin-setup@1.0.6~preinstall: node-bin-setup@1.0.6
160 silly preinstall node@9.3.0 C:\Users\Zahra\AppData\Roaming\npm\node_modules\.staging\node-940e0f440b5a29e611d4d6d25a1f8598
161 info lifecycle node@9.3.0~preinstall: node@9.3.0
162 silly lifecycle node-bin-setup@1.0.6~preinstall: no script for preinstall, continuing
163 verbose lifecycle node@9.3.0~preinstall: unsafe-perm in lifecycle true
164 verbose lifecycle node@9.3.0~preinstall: PATH: C:\Program Files\nodejs\node_modules\npm\bin\node-gyp-bin;C:\Users\Zahra\AppData\Roaming\npm\node_modules\.staging\node-940e0f440b5a29e611d4d6d25a1f8598\node_modules\.bin;C:\Users\Zahra\AppData\Roaming\npm\node_modules\.bin;C:\ProgramData\Oracle\Java\javapath;C:\Windows\system32;C:\Windows;C:\Windows\System32\Wbem;C:\Windows\System32\WindowsPowerShell\v1.0\;C:\Program Files (x86)\Microsoft SQL Server\110\Tools\Binn\;C:\Program Files\Microsoft SQL Server\110\Tools\Binn\;C:\Program Files\Microsoft SQL Server\110\DTS\Binn\;C:\Program Files (x86)\Microsoft SQL Server\110\Tools\Binn\ManagementStudio\;C:\Program Files (x86)\Microsoft Visual Studio 10.0\Common7\IDE\PrivateAssemblies\;C:\Program Files (x86)\Microsoft SQL Server\110\DTS\Binn\;C:\Python\script;C:\Program Files\Microsoft\Web Platform Installer\;C:\Program Files (x86)\Microsoft ASP.NET\ASP.NET Web Pages\v1.0\;D:\runtime\win64;D:\bin;D:\Python34;D:\program\py;D:\program\py\Scripts;D:\program\mm\runtime\win64;D:\program\mm\bin;D:\program\mm\polyspace\bin;C:\Program Files\Microsoft SQL Server\120\Tools\Binn\;C:\xampp\php;C:\ProgramData\ComposerSetup\bin;C:\Program Files\Git\cmd;C:\Program Files\nodejs\;C:\Users\Zahra\AppData\Roaming\Composer\vendor\bin;C:\Users\Zahra\AppData\Roaming\npm;C:\Program Files (x86)\Microsoft VS Code\bin
165 verbose lifecycle node@9.3.0~preinstall: CWD: C:\Users\Zahra\AppData\Roaming\npm\node_modules\.staging\node-940e0f440b5a29e611d4d6d25a1f8598
166 silly lifecycle node@9.3.0~preinstall: Args: [ '/d /s /c', 'node installArchSpecificPackage' ]
167 silly lifecycle node@9.3.0~preinstall: Returned: code: 1  signal: null
168 info lifecycle node@9.3.0~preinstall: Failed to exec preinstall script
169 verbose unlock done using C:\Users\Zahra\AppData\Roaming\npm-cache\_locks\staging-45a262120f3af07f.lock for C:\Users\Zahra\AppData\Roaming\npm\node_modules\.staging
170 silly rollbackFailedOptional Starting
171 silly rollbackFailedOptional Finishing
172 silly runTopLevelLifecycles Starting
173 silly runTopLevelLifecycles Finishing
174 silly install printInstalled
175 verbose stack Error: node@9.3.0 preinstall: `node installArchSpecificPackage`
175 verbose stack Exit status 1
175 verbose stack     at EventEmitter.<anonymous> (C:\Program Files\nodejs\node_modules\npm\lib\utils\lifecycle.js:232:16)
175 verbose stack     at emitTwo (events.js:88:13)
175 verbose stack     at EventEmitter.emit (events.js:173:7)
175 verbose stack     at ChildProcess.<anonymous> (C:\Program Files\nodejs\node_modules\npm\lib\utils\spawn.js:24:14)
175 verbose stack     at emitTwo (events.js:88:13)
175 verbose stack     at ChildProcess.emit (events.js:173:7)
175 verbose stack     at maybeClose (internal/child_process.js:819:16)
175 verbose stack     at Process.ChildProcess._handle.onexit (internal/child_process.js:212:5)
176 verbose pkgid node@9.3.0
177 verbose cwd C:\Users\Zahra\myapp
178 error Windows_NT 6.2.9200
179 error argv "C:\\Program Files\\nodejs\\node.exe" "C:\\Program Files\\nodejs\\node_modules\\npm\\bin\\npm-cli.js" "install" "node" "-g"
180 error node v5.2.0
181 error npm  v3.3.12
182 error code ELIFECYCLE
183 error node@9.3.0 preinstall: `node installArchSpecificPackage`
183 error Exit status 1
184 error Failed at the node@9.3.0 preinstall script 'node installArchSpecificPackage'.
184 error Make sure you have the latest version of node.js and npm installed.
184 error If you do, this is most likely a problem with the node package,
184 error not with npm itself.
184 error Tell the author that this fails on your system:
184 error     node installArchSpecificPackage
184 error You can get their info via:
184 error     npm owner ls node
184 error There is likely additional logging output above.
185 verbose exit [ 1, true ]
